<?xml version="1.0" encoding="UTF-8"?>
<testng-results ignored="0" total="1" passed="1" failed="0" skipped="0">
  <reporter-output>
  </reporter-output>
  <suite started-at="2022-04-23T14:59:13 AEST" name="Default suite" finished-at="2022-04-23T14:59:15 AEST" duration-ms="2346">
    <groups>
    </groups>
    <test started-at="2022-04-23T14:59:13 AEST" name="Default test" finished-at="2022-04-23T14:59:15 AEST" duration-ms="2346">
      <class name="tests.RestTests">
        <test-method signature="getWeatherDetails()[pri:0, instance:tests.RestTests@26e356f0]" started-at="2022-04-23T14:59:13 AEST" name="getWeatherDetails" finished-at="2022-04-23T14:59:15 AEST" duration-ms="2313" status="PASS">
          <reporter-output>
          </reporter-output>
        </test-method> <!-- getWeatherDetails -->
      </class> <!-- tests.RestTests -->
    </test> <!-- Default test -->
  </suite> <!-- Default suite -->
</testng-results>
